2025/11/10 21:33:23 client.go:71: Node 1 listening on localhost:9000
2025/11/10 21:33:23 client.go:135: Node 1 connected to peer 3 at localhost:9002
2025/11/10 21:33:23 client.go:135: Node 1 connected to peer 2 at localhost:9001
2025/11/10 21:33:23 client.go:71: Node 2 listening on localhost:9001
2025/11/10 21:33:23 client.go:135: Node 2 connected to peer 1 at localhost:9000
2025/11/10 21:33:23 client.go:135: Node 2 connected to peer 3 at localhost:9002
2025/11/10 21:33:26 client.go:71: Node 3 listening on localhost:9002
2025/11/10 21:33:26 client.go:135: Node 3 connected to peer 1 at localhost:9000
2025/11/10 21:33:26 client.go:135: Node 3 connected to peer 2 at localhost:9001
2025/11/10 21:33:28 client.go:143: Node 3 received an access request from node 2 at time: 3
2025/11/10 21:33:28 client.go:188: Node 2 has received a reply from client 3 at time: 5
2025/11/10 21:33:28 client.go:143: Node 1 received an access request from node 2 at time: 3
2025/11/10 21:33:28 client.go:188: Node 2 has received a reply from client 1 at time: 5
2025/11/10 21:33:30 client.go:143: Node 2 received an access request from node 3 at time: 7
2025/11/10 21:33:30 client.go:152: Node 2 is in HELD state, enqueueing request from node 3 at time 8
2025/11/10 21:33:30 client.go:143: Node 1 received an access request from node 3 at time: 5
2025/11/10 21:33:30 client.go:188: Node 3 has received a reply from client 2 at time: 7
2025/11/10 21:33:30 client.go:188: Node 3 has received a reply from client 1 at time: 7
2025/11/10 21:33:38 client.go:230: Node 2 is now in the Critical Section at logical time: 8
2025/11/10 21:33:38 client.go:236: Node 2 has left the Critical Section at logical time: 9
2025/11/10 21:33:38 client.go:143: Node 2 received an access request from node 3 at time: 11
2025/11/10 21:33:38 client.go:249: Node 2 is replying to client 3 at time: 12
2025/11/10 21:33:40 client.go:230: Node 3 is now in the Critical Section at logical time: 8
2025/11/10 21:33:40 client.go:236: Node 3 has left the Critical Section at logical time: 9
2025/11/10 21:34:46 client.go:112: received termination signal, shutting down gracefully ...
2025/11/10 21:34:47 client.go:112: received termination signal, shutting down gracefully ...
2025/11/10 21:34:49 client.go:112: received termination signal, shutting down gracefully ...
